{
  "time": "2026-06-12T13:02:51.524Z",
  "body": {
    "expectedSql": "SELECT A.first_name, A.last_name FROM actors A JOIN roles R ON A.id = R.actor_id JOIN movies M ON R.movie_id = M.id WHERE M.name = 'The Matrix' UNION SELECT A.first_name, A.last_name FROM actors A JOIN roles R ON A.id = R.actor_id JOIN movies M ON R.movie_id = M.id WHERE M.year = 2000;",
    "originalSql": "SELECT DISTINCT A.first_name, A.last_name\nFROM actors A\nWHERE A.id IN (\n  SELECT R.actor_id\n  FROM roles R, movies M\n  WHERE R.movie_id = M.id AND M.name = 'The Matrix'\n)\nOR A.id IN (\n  SELECT R.actor_id\n  FROM roles R, movies M\n  WHERE R.movie_id = M.id AND M.year = 2000\n)",
    "question": "Exercício 1: O desenvolvedor quer uma lista do primeiro e último nome de atores que atuaram no filme 'The Matrix' ou que participaram de filmes lançados no ano 2000.",
    "sql": "select a.first_name, a.last_name from actors a join roles r on a.id = r.actor_id join movies m on r.movie_id = m.id where m.name = 'The Matrix'\nunion\nselect a.first_name, a.last_name from actors a join roles r on a.id = r.actor_id join movies m on r.movie_id = m.id where m.year = '2000';",
    "id": "tuning-insights-t_q1-o34h3k",
    "messages": [
      {
        "parts": [
          {
            "type": "text",
            "text": "Avalie a qualidade da minha solução."
          }
        ],
        "id": "gYwWFHXpPc1lB2NU",
        "role": "user"
      }
    ],
    "trigger": "submit-message"
  }
}
{
  "time": "2026-06-12T13:07:13.973Z",
  "body": {
    "expectedSql": "SELECT A.first_name, A.last_name FROM actors A JOIN roles R ON A.id = R.actor_id JOIN movies M ON R.movie_id = M.id WHERE M.name = 'The Matrix' UNION SELECT A.first_name, A.last_name FROM actors A JOIN roles R ON A.id = R.actor_id JOIN movies M ON R.movie_id = M.id WHERE M.year = 2000;",
    "originalSql": "SELECT DISTINCT A.first_name, A.last_name\nFROM actors A\nWHERE A.id IN (\n  SELECT R.actor_id\n  FROM roles R, movies M\n  WHERE R.movie_id = M.id AND M.name = 'The Matrix'\n)\nOR A.id IN (\n  SELECT R.actor_id\n  FROM roles R, movies M\n  WHERE R.movie_id = M.id AND M.year = 2000\n)",
    "question": "Exercício 1: O desenvolvedor quer uma lista do primeiro e último nome de atores que atuaram no filme 'The Matrix' ou que participaram de filmes lançados no ano 2000.",
    "sql": "select a.first_name, a.last_name from actors a join roles r on a.id = r.actor_id join movies m on r.movie_id = m.id where m.name = 'The Matrix'\nunion\nselect a.first_name, a.last_name from actors a join roles r on a.id = r.actor_id join movies m on r.movie_id = m.id where m.year = '2000';",
    "id": "tuning-insights-t_q1-n2vha",
    "messages": [
      {
        "parts": [
          {
            "type": "text",
            "text": "Avalie a qualidade da minha solução."
          }
        ],
        "id": "0u5T5gYaczUMvpXz",
        "role": "user"
      }
    ],
    "trigger": "submit-message"
  }
}
{
  "time": "2026-06-12T13:07:16.624Z",
  "body": {
    "expectedSql": "SELECT A.first_name, A.last_name FROM actors A JOIN roles R ON A.id = R.actor_id JOIN movies M ON R.movie_id = M.id WHERE M.name = 'The Matrix' UNION SELECT A.first_name, A.last_name FROM actors A JOIN roles R ON A.id = R.actor_id JOIN movies M ON R.movie_id = M.id WHERE M.year = 2000;",
    "originalSql": "SELECT DISTINCT A.first_name, A.last_name\nFROM actors A\nWHERE A.id IN (\n  SELECT R.actor_id\n  FROM roles R, movies M\n  WHERE R.movie_id = M.id AND M.name = 'The Matrix'\n)\nOR A.id IN (\n  SELECT R.actor_id\n  FROM roles R, movies M\n  WHERE R.movie_id = M.id AND M.year = 2000\n)",
    "question": "Exercício 1: O desenvolvedor quer uma lista do primeiro e último nome de atores que atuaram no filme 'The Matrix' ou que participaram de filmes lançados no ano 2000.",
    "sql": "select a.first_name, a.last_name from actors a join roles r on a.id = r.actor_id join movies m on r.movie_id = m.id where m.name = 'The Matrix'\nunion\nselect a.first_name, a.last_name from actors a join roles r on a.id = r.actor_id join movies m on r.movie_id = m.id where m.year = '2000';",
    "id": "tuning-insights-t_q1-60av3p",
    "messages": [
      {
        "parts": [
          {
            "type": "text",
            "text": "Avalie a qualidade da minha solução."
          }
        ],
        "id": "ujDNlFWsBnU48kYa",
        "role": "user"
      }
    ],
    "trigger": "submit-message"
  }
}
